<?xml version="1.0" encoding="UTF-8"?>
<!-- Generated by org.testng.reporters.JUnitXMLReporter -->
<testsuite ignored="0" hostname="YUVARAJ_UV" failures="0" tests="4" name="Test" time="9.142" errors="0" timestamp="2025-03-28T12:48:25 IST">
  <testcase classname="com.Tests.LoginTest" name="testLogin" time="2.404"/>
  <testcase classname="com.Tests.LoginTest" name="testLogin" time="2.574"/>
  <testcase classname="com.Tests.LoginTest" name="testLogin" time="3.068"/>
  <testcase classname="com.Tests.LoginTest" name="testLogin" time="3.328"/>
</testsuite> <!-- Test -->
