<?xml version="1.0" encoding="UTF-8"?>
<testng-results ignored="0" total="4" passed="4" failed="0" skipped="0">
  <reporter-output>
  </reporter-output>
  <suite started-at="2025-03-28T12:48:16 IST" name="Suite" finished-at="2025-03-28T12:48:25 IST" duration-ms="9142">
    <groups>
    </groups>
    <test started-at="2025-03-28T12:48:16 IST" name="Test" finished-at="2025-03-28T12:48:25 IST" duration-ms="9142">
      <class name="com.Tests.LoginTest">
        <test-method is-config="true" signature="setup()[pri:0, instance:com.Tests.LoginTest@4d910fd6]" started-at="2025-03-28T12:48:17 IST" name="setup" finished-at="2025-03-28T12:48:21 IST" duration-ms="4095" status="PASS">
          <reporter-output>
          </reporter-output>
        </test-method> <!-- setup -->
        <test-method is-config="true" signature="setup()[pri:0, instance:com.Tests.LoginTest@4d910fd6]" started-at="2025-03-28T12:48:17 IST" name="setup" finished-at="2025-03-28T12:48:21 IST" duration-ms="4090" status="PASS">
          <reporter-output>
          </reporter-output>
        </test-method> <!-- setup -->
        <test-method is-config="true" signature="setup()[pri:0, instance:com.Tests.LoginTest@4d910fd6]" started-at="2025-03-28T12:48:17 IST" name="setup" finished-at="2025-03-28T12:48:21 IST" duration-ms="4096" status="PASS">
          <reporter-output>
          </reporter-output>
        </test-method> <!-- setup -->
        <test-method is-config="true" signature="setup()[pri:0, instance:com.Tests.LoginTest@4d910fd6]" started-at="2025-03-28T12:48:17 IST" name="setup" finished-at="2025-03-28T12:48:21 IST" duration-ms="4088" status="PASS">
          <reporter-output>
          </reporter-output>
        </test-method> <!-- setup -->
        <test-method signature="testLogin(java.lang.String,java.lang.String,java.lang.String)[pri:1, instance:com.Tests.LoginTest@4d910fd6]" started-at="2025-03-28T12:48:21 IST" name="testLogin" data-provider="excelData" finished-at="2025-03-28T12:48:24 IST" duration-ms="3068" status="PASS">
          <params>
            <param index="0">
              <value>
                <![CDATA[standard_user]]>
              </value>
            </param>
            <param index="1">
              <value>
                <![CDATA[secret_sauce]]>
              </value>
            </param>
            <param index="2">
              <value>
                <![CDATA[pass]]>
              </value>
            </param>
          </params>
          <reporter-output>
          </reporter-output>
        </test-method> <!-- testLogin -->
        <test-method signature="testLogin(java.lang.String,java.lang.String,java.lang.String)[pri:1, instance:com.Tests.LoginTest@4d910fd6]" started-at="2025-03-28T12:48:21 IST" name="testLogin" data-provider="excelData" finished-at="2025-03-28T12:48:23 IST" duration-ms="2404" status="PASS">
          <params>
            <param index="0">
              <value>
                <![CDATA[standard_user]]>
              </value>
            </param>
            <param index="1">
              <value>
                <![CDATA[secret_sauce]]>
              </value>
            </param>
            <param index="2">
              <value>
                <![CDATA[pass]]>
              </value>
            </param>
          </params>
          <reporter-output>
          </reporter-output>
        </test-method> <!-- testLogin -->
        <test-method signature="testLogin(java.lang.String,java.lang.String,java.lang.String)[pri:1, instance:com.Tests.LoginTest@4d910fd6]" started-at="2025-03-28T12:48:21 IST" name="testLogin" data-provider="excelData" finished-at="2025-03-28T12:48:24 IST" duration-ms="2574" status="PASS">
          <params>
            <param index="0">
              <value>
                <![CDATA[standard_user]]>
              </value>
            </param>
            <param index="1">
              <value>
                <![CDATA[secret_sauce]]>
              </value>
            </param>
            <param index="2">
              <value>
                <![CDATA[pass]]>
              </value>
            </param>
          </params>
          <reporter-output>
          </reporter-output>
        </test-method> <!-- testLogin -->
        <test-method signature="testLogin(java.lang.String,java.lang.String,java.lang.String)[pri:1, instance:com.Tests.LoginTest@4d910fd6]" started-at="2025-03-28T12:48:21 IST" name="testLogin" data-provider="excelData" finished-at="2025-03-28T12:48:24 IST" duration-ms="3328" status="PASS">
          <params>
            <param index="0">
              <value>
                <![CDATA[standard_user]]>
              </value>
            </param>
            <param index="1">
              <value>
                <![CDATA[secret_sauce]]>
              </value>
            </param>
            <param index="2">
              <value>
                <![CDATA[pass]]>
              </value>
            </param>
          </params>
          <reporter-output>
          </reporter-output>
        </test-method> <!-- testLogin -->
        <test-method is-config="true" signature="tearDown()[pri:0, instance:com.Tests.LoginTest@4d910fd6]" started-at="2025-03-28T12:48:23 IST" name="tearDown" finished-at="2025-03-28T12:48:25 IST" duration-ms="1654" status="PASS">
          <reporter-output>
          </reporter-output>
        </test-method> <!-- tearDown -->
        <test-method is-config="true" signature="tearDown()[pri:0, instance:com.Tests.LoginTest@4d910fd6]" started-at="2025-03-28T12:48:24 IST" name="tearDown" finished-at="2025-03-28T12:48:25 IST" duration-ms="1424" status="PASS">
          <reporter-output>
          </reporter-output>
        </test-method> <!-- tearDown -->
        <test-method is-config="true" signature="tearDown()[pri:0, instance:com.Tests.LoginTest@4d910fd6]" started-at="2025-03-28T12:48:24 IST" name="tearDown" finished-at="2025-03-28T12:48:25 IST" duration-ms="935" status="PASS">
          <reporter-output>
          </reporter-output>
        </test-method> <!-- tearDown -->
        <test-method is-config="true" signature="tearDown()[pri:0, instance:com.Tests.LoginTest@4d910fd6]" started-at="2025-03-28T12:48:24 IST" name="tearDown" finished-at="2025-03-28T12:48:25 IST" duration-ms="757" status="PASS">
          <reporter-output>
          </reporter-output>
        </test-method> <!-- tearDown -->
      </class> <!-- com.Tests.LoginTest -->
    </test> <!-- Test -->
  </suite> <!-- Suite -->
</testng-results>
